# JRE version: Java(TM) SE Runtime Environment (13.0.2+8) (build 13.0.2+8)
# Java VM: Java HotSpot(TM) 64-Bit Server VM (13.0.2+8, mixed mode, sharing, tiered, compressed oops, g1 gc, windows-amd64)
Heap:
 garbage-first heap   total 75776K, used 43364K [0x00000000c1c00000, 0x0000000100000000)
  region size 1024K, 6 young (6144K), 2 survivors (2048K)
 Metaspace       used 69802K, capacity 71939K, committed 72192K, reserved 1112064K
  class space    used 9661K, capacity 10485K, committed 10496K, reserved 1048576K
GC Heap History (20 events):
Event: 69.945 GC heap before
{Heap before GC invocations=48 (full 0):
 garbage-first heap   total 70656K, used 53734K [0x00000000c1c00000, 0x0000000100000000)
  region size 1024K, 22 young (22528K), 3 survivors (3072K)
 Metaspace       used 59744K, capacity 61578K, committed 61824K, reserved 1101824K
  class space    used 8317K, capacity 9016K, committed 9088K, reserved 1048576K
}
Event: 69.952 GC heap after
{Heap after GC invocations=49 (full 0):
 garbage-first heap   total 70656K, used 34581K [0x00000000c1c00000, 0x0000000100000000)
  region size 1024K, 2 young (2048K), 2 survivors (2048K)
 Metaspace       used 59744K, capacity 61578K, committed 61824K, reserved 1101824K
  class space    used 8317K, capacity 9016K, committed 9088K, reserved 1048576K
}
Event: 71.991 GC heap before
{Heap before GC invocations=49 (full 0):
 garbage-first heap   total 70656K, used 56085K [0x00000000c1c00000, 0x0000000100000000)
  region size 1024K, 23 young (23552K), 2 survivors (2048K)
 Metaspace       used 60865K, capacity 62750K, committed 62976K, reserved 1103872K
  class space    used 8474K, capacity 9191K, committed 9216K, reserved 1048576K
}
Event: 72.000 GC heap after
{Heap after GC invocations=50 (full 0):
 garbage-first heap   total 70656K, used 35526K [0x00000000c1c00000, 0x0000000100000000)
  region size 1024K, 3 young (3072K), 3 survivors (3072K)
 Metaspace       used 60865K, capacity 62750K, committed 62976K, reserved 1103872K
  class space    used 8474K, capacity 9191K, committed 9216K, reserved 1048576K
}
Event: 72.299 GC heap before
{Heap before GC invocations=51 (full 0):
 garbage-first heap   total 73728K, used 56006K [0x00000000c1c00000, 0x0000000100000000)
  region size 1024K, 23 young (23552K), 3 survivors (3072K)
 Metaspace       used 61866K, capacity 63871K, committed 64000K, reserved 1103872K
  class space    used 8626K, capacity 9374K, committed 9472K, reserved 1048576K
}
Event: 72.310 GC heap after
{Heap after GC invocations=52 (full 0):
 garbage-first heap   total 73728K, used 36262K [0x00000000c1c00000, 0x0000000100000000)
  region size 1024K, 2 young (2048K), 2 survivors (2048K)
 Metaspace       used 61866K, capacity 63871K, committed 64000K, reserved 1103872K
  class space    used 8626K, capacity 9374K, committed 9472K, reserved 1048576K
}
Event: 72.614 GC heap before
{Heap before GC invocations=52 (full 0):
 garbage-first heap   total 73728K, used 58790K [0x00000000c1c00000, 0x0000000100000000)
  region size 1024K, 24 young (24576K), 2 survivors (2048K)
 Metaspace       used 62857K, capacity 64839K, committed 65152K, reserved 1105920K
  class space    used 8765K, capacity 9528K, committed 9600K, reserved 1048576K
}
Event: 72.624 GC heap after
{Heap after GC invocations=53 (full 0):
 garbage-first heap   total 73728K, used 37301K [0x00000000c1c00000, 0x0000000100000000)
  region size 1024K, 2 young (2048K), 2 survivors (2048K)
 Metaspace       used 62857K, capacity 64839K, committed 65152K, reserved 1105920K
  class space    used 8765K, capacity 9528K, committed 9600K, reserved 1048576K
}
Event: 81.707 GC heap before
{Heap before GC invocations=54 (full 0):
 garbage-first heap   total 73728K, used 58805K [0x00000000c1c00000, 0x0000000100000000)
  region size 1024K, 23 young (23552K), 2 survivors (2048K)
 Metaspace       used 64334K, capacity 66366K, committed 66688K, reserved 1105920K
  class space    used 8962K, capacity 9736K, committed 9856K, reserved 1048576K
}
Event: 81.720 GC heap after
{Heap after GC invocations=55 (full 0):
 garbage-first heap   total 73728K, used 38307K [0x00000000c1c00000, 0x0000000100000000)
  region size 1024K, 2 young (2048K), 2 survivors (2048K)
 Metaspace       used 64334K, capacity 66366K, committed 66688K, reserved 1105920K
  class space    used 8962K, capacity 9736K, committed 9856K, reserved 1048576K
}
Event: 83.435 GC heap before
{Heap before GC invocations=55 (full 0):
 garbage-first heap   total 73728K, used 58787K [0x00000000c1c00000, 0x0000000100000000)
  region size 1024K, 23 young (23552K), 2 survivors (2048K)
 Metaspace       used 65779K, capacity 67860K, committed 68096K, reserved 1107968K
  class space    used 9138K, capacity 9956K, committed 9984K, reserved 1048576K
}
Event: 83.445 GC heap after
{Heap after GC invocations=56 (full 0):
 garbage-first heap   total 73728K, used 38810K [0x00000000c1c00000, 0x0000000100000000)
  region size 1024K, 2 young (2048K), 2 survivors (2048K)
 Metaspace       used 65779K, capacity 67860K, committed 68096K, reserved 1107968K
  class space    used 9138K, capacity 9956K, committed 9984K, reserved 1048576K
}
Event: 83.909 GC heap before
{Heap before GC invocations=57 (full 0):
 garbage-first heap   total 75776K, used 59290K [0x00000000c1c00000, 0x0000000100000000)
  region size 1024K, 23 young (23552K), 2 survivors (2048K)
 Metaspace       used 67097K, capacity 69140K, committed 69376K, reserved 1107968K
  class space    used 9325K, capacity 10148K, committed 10240K, reserved 1048576K
}
Event: 83.918 GC heap after
{Heap after GC invocations=58 (full 0):
 garbage-first heap   total 75776K, used 40220K [0x00000000c1c00000, 0x0000000100000000)
  region size 1024K, 3 young (3072K), 3 survivors (3072K)
 Metaspace       used 67097K, capacity 69140K, committed 69376K, reserved 1107968K
  class space    used 9325K, capacity 10148K, committed 10240K, reserved 1048576K
}
Event: 83.953 GC heap before
{Heap before GC invocations=58 (full 0):
 garbage-first heap   total 75776K, used 41244K [0x00000000c1c00000, 0x0000000100000000)
  region size 1024K, 4 young (4096K), 3 survivors (3072K)
 Metaspace       used 67156K, capacity 69204K, committed 69376K, reserved 1107968K
  class space    used 9336K, capacity 10148K, committed 10240K, reserved 1048576K
}
Event: 83.973 GC heap after
{Heap after GC invocations=59 (full 0):
 garbage-first heap   total 75776K, used 38742K [0x00000000c1c00000, 0x0000000100000000)
  region size 1024K, 1 young (1024K), 1 survivors (1024K)
 Metaspace       used 67156K, capacity 69204K, committed 69376K, reserved 1107968K
  class space    used 9336K, capacity 10148K, committed 10240K, reserved 1048576K
}
Event: 89.610 GC heap before
{Heap before GC invocations=59 (full 0):
 garbage-first heap   total 75776K, used 59222K [0x00000000c1c00000, 0x0000000100000000)
  region size 1024K, 22 young (22528K), 1 survivors (1024K)
 Metaspace       used 68539K, capacity 70652K, committed 70784K, reserved 1110016K
  class space    used 9490K, capacity 10290K, committed 10368K, reserved 1048576K
}
Event: 89.616 GC heap after
{Heap after GC invocations=60 (full 0):
 garbage-first heap   total 75776K, used 39416K [0x00000000c1c00000, 0x0000000100000000)
  region size 1024K, 2 young (2048K), 2 survivors (2048K)
 Metaspace       used 68539K, capacity 70652K, committed 70784K, reserved 1110016K
  class space    used 9490K, capacity 10290K, committed 10368K, reserved 1048576K
}
Event: 95.004 GC heap before
{Heap before GC invocations=61 (full 0):
 garbage-first heap   total 75776K, used 60920K [0x00000000c1c00000, 0x0000000100000000)
  region size 1024K, 23 young (23552K), 2 survivors (2048K)
 Metaspace       used 69678K, capacity 71776K, committed 71936K, reserved 1110016K
  class space    used 9645K, capacity 10474K, committed 10496K, reserved 1048576K
}
Event: 95.009 GC heap after
{Heap after GC invocations=62 (full 0):
 garbage-first heap   total 75776K, used 40292K [0x00000000c1c00000, 0x0000000100000000)
  region size 1024K, 2 young (2048K), 2 survivors (2048K)
 Metaspace       used 69678K, capacity 71776K, committed 71936K, reserved 1110016K
  class space    used 9645K, capacity 10474K, committed 10496K, reserved 1048576K
}

